2022-05-18 22:44:01,721:INFO:PyCaret Supervised Module
2022-05-18 22:44:01,721:INFO:ML Usecase: classification
2022-05-18 22:44:01,721:INFO:version 2.3.10
2022-05-18 22:44:01,721:INFO:Initializing setup()
2022-05-18 22:44:01,721:INFO:setup(target=target, ml_usecase=classification, available_plots={'parameter': 'Hyperparameters', 'auc': 'AUC', 'confusion_matrix': 'Confusion Matrix', 'threshold': 'Threshold', 'pr': 'Precision Recall', 'error': 'Prediction Error', 'class_report': 'Class Report', 'rfe': 'Feature Selection', 'learning': 'Learning Curve', 'manifold': 'Manifold Learning', 'calibration': 'Calibration Curve', 'vc': 'Validation Curve', 'dimension': 'Dimensions', 'feature': 'Feature Importance', 'feature_all': 'Feature Importance (All)', 'boundary': 'Decision Boundary', 'lift': 'Lift Chart', 'gain': 'Gain Chart', 'tree': 'Decision Tree', 'ks': 'KS Statistic Plot'}, train_size=0.7, test_data=None, preprocess=True, imputation_type=simple, iterative_imputation_iters=5, categorical_features=None, categorical_imputation=constant, categorical_iterative_imputer=lightgbm, ordinal_features=None, high_cardinality_features=None, high_cardinality_method=frequency, numeric_features=None, numeric_imputation=mean, numeric_iterative_imputer=lightgbm, date_features=None, ignore_features=None, normalize=False, normalize_method=zscore, transformation=False, transformation_method=yeo-johnson, handle_unknown_categorical=True, unknown_categorical_method=least_frequent, pca=False, pca_method=linear, pca_components=None, ignore_low_variance=False, combine_rare_levels=False, rare_level_threshold=0.1, bin_numeric_features=None, remove_outliers=False, outliers_threshold=0.05, remove_multicollinearity=False, multicollinearity_threshold=0.9, remove_perfect_collinearity=True, create_clusters=False, cluster_iter=20, polynomial_features=False, polynomial_degree=2, trigonometry_features=False, polynomial_threshold=0.1, group_features=None, group_names=None, feature_selection=False, feature_selection_threshold=0.8, feature_selection_method=classic, feature_interaction=False, feature_ratio=False, interaction_threshold=0.01, fix_imbalance=False, fix_imbalance_method=None, transform_target=False, transform_target_method=box-cox, data_split_shuffle=True, data_split_stratify=False, fold_strategy=stratifiedkfold, fold=10, fold_shuffle=False, fold_groups=None, n_jobs=-1, use_gpu=False, custom_pipeline=None, html=True, session_id=None, log_experiment=False, experiment_name=None, experiment_custom_tags=None, log_plots=False, log_profile=False, log_data=False, silent=False, verbose=True, profile=False, profile_kwargs=None, display=None)
2022-05-18 22:44:01,729:INFO:Checking environment
2022-05-18 22:44:01,729:INFO:python_version: 3.8.13
2022-05-18 22:44:01,729:INFO:python_build: ('default', 'Mar 28 2022 06:59:08')
2022-05-18 22:44:01,729:INFO:machine: AMD64
2022-05-18 22:44:01,729:INFO:platform: Windows-10-10.0.22000-SP0
2022-05-18 22:44:01,729:INFO:Memory: svmem(total=17090899968, available=5231702016, percent=69.4, used=11859197952, free=5231702016)
2022-05-18 22:44:01,729:INFO:Physical Core: 8
2022-05-18 22:44:01,729:INFO:Logical Core: 16
2022-05-18 22:44:01,729:INFO:Checking libraries
2022-05-18 22:44:01,729:INFO:pd==1.1.5
2022-05-18 22:44:01,729:INFO:numpy==1.21.5
2022-05-18 22:44:01,729:INFO:sklearn==0.23.2
2022-05-18 22:44:01,729:INFO:lightgbm==2.3.1
2022-05-18 22:44:01,973:INFO:catboost==0.26.1
2022-05-18 22:44:02,144:INFO:xgboost==1.5.0
2022-05-18 22:44:02,145:WARNING:mlflow not found
2022-05-18 22:44:02,145:INFO:Checking Exceptions
2022-05-18 22:44:02,145:INFO:Declaring global variables
2022-05-18 22:44:02,145:INFO:USI: 2cfe
2022-05-18 22:44:02,145:INFO:pycaret_globals: {'data_before_preprocess', 'y', 'prep_pipe', 'y_train', 'X_test', 'transform_target_method_param', '_all_models', 'html_param', 'X_train', 'seed', 'master_model_container', 'gpu_param', 'create_model_container', 'fold_generator', '_available_plots', 'exp_name_log', 'fold_shuffle_param', 'X', '_internal_pipeline', '_gpu_n_jobs_param', 'transform_target_param', 'stratify_param', 'imputation_regressor', 'iterative_imputation_iters_param', 'y_test', '_ml_usecase', '_all_metrics', 'fold_param', 'logging_param', 'n_jobs_param', 'imputation_classifier', 'experiment__', 'dashboard_logger', 'fold_groups_param', 'fix_imbalance_method_param', 'pycaret_globals', '_all_models_internal', 'fix_imbalance_param', 'USI', 'display_container', 'fold_groups_param_full', 'target_param', 'log_plots_param'}
2022-05-18 22:44:02,145:INFO:Preparing display monitor
2022-05-18 22:44:02,145:INFO:Preparing display monitor
2022-05-18 22:44:02,155:INFO:Importing libraries
2022-05-18 22:44:02,156:INFO:Copying data for preprocessing
2022-05-18 22:44:02,162:INFO:Declaring preprocessing parameters
2022-05-18 22:44:02,163:INFO:Creating preprocessing pipeline
2022-05-18 22:44:02,190:INFO:Preprocessing pipeline created successfully
2022-05-18 22:44:02,190:ERROR:(Process Exit): setup has been interupted with user command 'quit'. setup must rerun.
2022-05-18 22:44:02,190:INFO:Creating global containers
2022-05-18 22:44:02,194:INFO:Internal pipeline: Pipeline(memory=None, steps=[('empty_step', 'passthrough')], verbose=False)
2022-05-18 22:44:19,530:INFO:Creating grid variables
2022-05-18 22:44:19,546:INFO:create_model_container: 0
2022-05-18 22:44:19,546:INFO:master_model_container: 0
2022-05-18 22:44:19,546:INFO:display_container: 1
2022-05-18 22:44:19,551:INFO:Pipeline(memory=None,
         steps=[('dtypes',
                 DataTypes_Auto_infer(categorical_features=[],
                                      display_types=True, features_todrop=[],
                                      id_columns=[],
                                      ml_usecase='classification',
                                      numerical_features=[], target='target',
                                      time_features=[])),
                ('imputer',
                 Simple_Imputer(categorical_strategy='not_available',
                                fill_value_categorical=None,
                                fill_value_numerical=None,
                                numeric_strat...
                ('scaling', 'passthrough'), ('P_transform', 'passthrough'),
                ('binn', 'passthrough'), ('rem_outliers', 'passthrough'),
                ('cluster_all', 'passthrough'),
                ('dummy', Dummify(target='target')),
                ('fix_perfect', Remove_100(target='target')),
                ('clean_names', Clean_Colum_Names()),
                ('feature_select', 'passthrough'), ('fix_multi', 'passthrough'),
                ('dfs', 'passthrough'), ('pca', 'passthrough')],
         verbose=False)
2022-05-18 22:44:19,551:INFO:setup() succesfully completed......................................
2022-05-24 14:42:22,721:INFO:PyCaret Supervised Module
2022-05-24 14:42:22,730:INFO:ML Usecase: classification
2022-05-24 14:42:22,730:INFO:version 2.3.10
2022-05-24 14:42:22,730:INFO:Initializing setup()
2022-05-24 14:42:22,730:INFO:setup(target=target, ml_usecase=classification, available_plots={'parameter': 'Hyperparameters', 'auc': 'AUC', 'confusion_matrix': 'Confusion Matrix', 'threshold': 'Threshold', 'pr': 'Precision Recall', 'error': 'Prediction Error', 'class_report': 'Class Report', 'rfe': 'Feature Selection', 'learning': 'Learning Curve', 'manifold': 'Manifold Learning', 'calibration': 'Calibration Curve', 'vc': 'Validation Curve', 'dimension': 'Dimensions', 'feature': 'Feature Importance', 'feature_all': 'Feature Importance (All)', 'boundary': 'Decision Boundary', 'lift': 'Lift Chart', 'gain': 'Gain Chart', 'tree': 'Decision Tree', 'ks': 'KS Statistic Plot'}, train_size=0.5, test_data=None, preprocess=True, imputation_type=simple, iterative_imputation_iters=5, categorical_features=None, categorical_imputation=constant, categorical_iterative_imputer=lightgbm, ordinal_features=None, high_cardinality_features=None, high_cardinality_method=frequency, numeric_features=None, numeric_imputation=mean, numeric_iterative_imputer=lightgbm, date_features=None, ignore_features=None, normalize=False, normalize_method=zscore, transformation=False, transformation_method=yeo-johnson, handle_unknown_categorical=True, unknown_categorical_method=least_frequent, pca=False, pca_method=linear, pca_components=None, ignore_low_variance=False, combine_rare_levels=False, rare_level_threshold=0.1, bin_numeric_features=None, remove_outliers=False, outliers_threshold=0.05, remove_multicollinearity=False, multicollinearity_threshold=0.9, remove_perfect_collinearity=True, create_clusters=False, cluster_iter=20, polynomial_features=False, polynomial_degree=2, trigonometry_features=False, polynomial_threshold=0.1, group_features=None, group_names=None, feature_selection=False, feature_selection_threshold=0.8, feature_selection_method=classic, feature_interaction=False, feature_ratio=False, interaction_threshold=0.01, fix_imbalance=False, fix_imbalance_method=None, transform_target=False, transform_target_method=box-cox, data_split_shuffle=True, data_split_stratify=False, fold_strategy=stratifiedkfold, fold=10, fold_shuffle=False, fold_groups=None, n_jobs=-1, use_gpu=False, custom_pipeline=None, html=True, session_id=None, log_experiment=False, experiment_name=None, experiment_custom_tags=None, log_plots=False, log_profile=False, log_data=False, silent=True, verbose=True, profile=False, profile_kwargs=None, display=None)
2022-05-24 14:42:22,730:INFO:Checking environment
2022-05-24 14:42:22,730:INFO:python_version: 3.8.13
2022-05-24 14:42:22,730:INFO:python_build: ('default', 'Mar 28 2022 06:59:08')
2022-05-24 14:42:22,730:INFO:machine: AMD64
2022-05-24 14:42:22,730:INFO:platform: Windows-10-10.0.22000-SP0
2022-05-24 14:42:22,730:INFO:Memory: svmem(total=17090899968, available=10601533440, percent=38.0, used=6489366528, free=10601533440)
2022-05-24 14:42:22,730:INFO:Physical Core: 8
2022-05-24 14:42:22,731:INFO:Logical Core: 16
2022-05-24 14:42:22,731:INFO:Checking libraries
2022-05-24 14:42:22,731:INFO:pd==1.1.5
2022-05-24 14:42:22,731:INFO:numpy==1.21.5
2022-05-24 14:42:22,731:INFO:sklearn==0.23.2
2022-05-24 14:42:22,731:INFO:lightgbm==2.3.1
2022-05-24 14:42:22,805:INFO:catboost==0.26.1
2022-05-24 14:42:22,943:INFO:xgboost==1.5.0
2022-05-24 14:42:22,945:WARNING:mlflow not found
2022-05-24 14:42:22,945:INFO:Checking Exceptions
2022-05-24 14:42:22,945:INFO:Declaring global variables
2022-05-24 14:42:22,945:INFO:USI: d87a
2022-05-24 14:42:22,945:INFO:pycaret_globals: {'pycaret_globals', '_all_metrics', 'USI', '_internal_pipeline', 'dashboard_logger', 'prep_pipe', 'fix_imbalance_param', 'create_model_container', 'transform_target_param', 'fold_param', 'iterative_imputation_iters_param', 'y_test', 'X_train', '_all_models_internal', 'fold_groups_param', 'master_model_container', '_available_plots', 'fold_generator', 'log_plots_param', 'X_test', '_ml_usecase', 'gpu_param', 'fold_groups_param_full', 'X', 'exp_name_log', 'html_param', 'fold_shuffle_param', 'stratify_param', 'experiment__', 'transform_target_method_param', '_all_models', 'imputation_classifier', 'seed', 'imputation_regressor', 'y_train', 'logging_param', 'y', 'data_before_preprocess', 'n_jobs_param', '_gpu_n_jobs_param', 'fix_imbalance_method_param', 'display_container', 'target_param'}
2022-05-24 14:42:22,945:INFO:Preparing display monitor
2022-05-24 14:42:22,945:INFO:Preparing display monitor
2022-05-24 14:42:22,956:INFO:Importing libraries
2022-05-24 14:42:22,956:INFO:Copying data for preprocessing
2022-05-24 14:42:22,962:INFO:Declaring preprocessing parameters
2022-05-24 14:42:22,964:INFO:Creating preprocessing pipeline
2022-05-24 14:42:22,993:INFO:Preprocessing pipeline created successfully
2022-05-24 14:42:22,994:ERROR:(Process Exit): setup has been interupted with user command 'quit'. setup must rerun.
2022-05-24 14:42:22,994:INFO:Creating global containers
2022-05-24 14:42:22,998:INFO:Internal pipeline: Pipeline(memory=None, steps=[('empty_step', 'passthrough')], verbose=False)
2022-05-24 14:42:31,015:INFO:Creating grid variables
2022-05-24 14:42:31,034:INFO:create_model_container: 0
2022-05-24 14:42:31,034:INFO:master_model_container: 0
2022-05-24 14:42:31,034:INFO:display_container: 1
2022-05-24 14:42:31,039:INFO:Pipeline(memory=None,
         steps=[('dtypes',
                 DataTypes_Auto_infer(categorical_features=[],
                                      display_types=False, features_todrop=[],
                                      id_columns=[],
                                      ml_usecase='classification',
                                      numerical_features=[], target='target',
                                      time_features=[])),
                ('imputer',
                 Simple_Imputer(categorical_strategy='not_available',
                                fill_value_categorical=None,
                                fill_value_numerical=None,
                                numeric_stra...
                ('scaling', 'passthrough'), ('P_transform', 'passthrough'),
                ('binn', 'passthrough'), ('rem_outliers', 'passthrough'),
                ('cluster_all', 'passthrough'),
                ('dummy', Dummify(target='target')),
                ('fix_perfect', Remove_100(target='target')),
                ('clean_names', Clean_Colum_Names()),
                ('feature_select', 'passthrough'), ('fix_multi', 'passthrough'),
                ('dfs', 'passthrough'), ('pca', 'passthrough')],
         verbose=False)
2022-05-24 14:42:31,039:INFO:setup() succesfully completed......................................
2022-05-24 14:45:59,240:INFO:PyCaret Supervised Module
2022-05-24 14:45:59,240:INFO:ML Usecase: classification
2022-05-24 14:45:59,240:INFO:version 2.3.10
2022-05-24 14:45:59,240:INFO:Initializing setup()
2022-05-24 14:45:59,240:INFO:setup(target=target, ml_usecase=classification, available_plots={'parameter': 'Hyperparameters', 'auc': 'AUC', 'confusion_matrix': 'Confusion Matrix', 'threshold': 'Threshold', 'pr': 'Precision Recall', 'error': 'Prediction Error', 'class_report': 'Class Report', 'rfe': 'Feature Selection', 'learning': 'Learning Curve', 'manifold': 'Manifold Learning', 'calibration': 'Calibration Curve', 'vc': 'Validation Curve', 'dimension': 'Dimensions', 'feature': 'Feature Importance', 'feature_all': 'Feature Importance (All)', 'boundary': 'Decision Boundary', 'lift': 'Lift Chart', 'gain': 'Gain Chart', 'tree': 'Decision Tree', 'ks': 'KS Statistic Plot'}, train_size=0.5, test_data=None, preprocess=True, imputation_type=simple, iterative_imputation_iters=5, categorical_features=None, categorical_imputation=constant, categorical_iterative_imputer=lightgbm, ordinal_features=None, high_cardinality_features=None, high_cardinality_method=frequency, numeric_features=None, numeric_imputation=mean, numeric_iterative_imputer=lightgbm, date_features=None, ignore_features=None, normalize=False, normalize_method=zscore, transformation=False, transformation_method=yeo-johnson, handle_unknown_categorical=True, unknown_categorical_method=least_frequent, pca=False, pca_method=linear, pca_components=None, ignore_low_variance=False, combine_rare_levels=False, rare_level_threshold=0.1, bin_numeric_features=None, remove_outliers=False, outliers_threshold=0.05, remove_multicollinearity=False, multicollinearity_threshold=0.9, remove_perfect_collinearity=True, create_clusters=False, cluster_iter=20, polynomial_features=False, polynomial_degree=2, trigonometry_features=False, polynomial_threshold=0.1, group_features=None, group_names=None, feature_selection=False, feature_selection_threshold=0.8, feature_selection_method=classic, feature_interaction=True, feature_ratio=False, interaction_threshold=0.01, fix_imbalance=False, fix_imbalance_method=None, transform_target=False, transform_target_method=box-cox, data_split_shuffle=True, data_split_stratify=False, fold_strategy=stratifiedkfold, fold=10, fold_shuffle=False, fold_groups=None, n_jobs=-1, use_gpu=False, custom_pipeline=None, html=True, session_id=None, log_experiment=False, experiment_name=None, experiment_custom_tags=None, log_plots=False, log_profile=False, log_data=False, silent=True, verbose=True, profile=False, profile_kwargs=None, display=None)
2022-05-24 14:45:59,240:INFO:Checking environment
2022-05-24 14:45:59,240:INFO:python_version: 3.8.13
2022-05-24 14:45:59,240:INFO:python_build: ('default', 'Mar 28 2022 06:59:08')
2022-05-24 14:45:59,240:INFO:machine: AMD64
2022-05-24 14:45:59,240:INFO:platform: Windows-10-10.0.22000-SP0
2022-05-24 14:45:59,240:INFO:Memory: svmem(total=17090899968, available=10300952576, percent=39.7, used=6789947392, free=10300952576)
2022-05-24 14:45:59,240:INFO:Physical Core: 8
2022-05-24 14:45:59,240:INFO:Logical Core: 16
2022-05-24 14:45:59,240:INFO:Checking libraries
2022-05-24 14:45:59,240:INFO:pd==1.1.5
2022-05-24 14:45:59,240:INFO:numpy==1.21.5
2022-05-24 14:45:59,241:INFO:sklearn==0.23.2
2022-05-24 14:45:59,241:INFO:lightgbm==2.3.1
2022-05-24 14:45:59,241:INFO:catboost==0.26.1
2022-05-24 14:45:59,241:INFO:xgboost==1.5.0
2022-05-24 14:45:59,241:WARNING:mlflow not found
2022-05-24 14:45:59,241:INFO:Checking Exceptions
2022-05-24 14:45:59,242:INFO:Declaring global variables
2022-05-24 14:45:59,242:INFO:USI: c52d
2022-05-24 14:45:59,242:INFO:pycaret_globals: {'pycaret_globals', '_all_metrics', 'USI', '_internal_pipeline', 'dashboard_logger', 'prep_pipe', 'fix_imbalance_param', 'create_model_container', 'transform_target_param', 'fold_param', 'iterative_imputation_iters_param', 'y_test', 'X_train', '_all_models_internal', 'fold_groups_param', 'master_model_container', '_available_plots', 'fold_generator', 'log_plots_param', 'X_test', '_ml_usecase', 'gpu_param', 'fold_groups_param_full', 'X', 'exp_name_log', 'html_param', 'fold_shuffle_param', 'stratify_param', 'experiment__', 'transform_target_method_param', '_all_models', 'imputation_classifier', 'seed', 'imputation_regressor', 'y_train', 'logging_param', 'y', 'data_before_preprocess', 'n_jobs_param', '_gpu_n_jobs_param', 'fix_imbalance_method_param', 'display_container', 'target_param'}
2022-05-24 14:45:59,242:INFO:Preparing display monitor
2022-05-24 14:45:59,242:INFO:Preparing display monitor
2022-05-24 14:45:59,251:INFO:Importing libraries
2022-05-24 14:45:59,251:INFO:Copying data for preprocessing
2022-05-24 14:45:59,258:INFO:Declaring preprocessing parameters
2022-05-24 14:45:59,260:INFO:Creating preprocessing pipeline
2022-05-24 14:45:59,289:INFO:Preprocessing pipeline created successfully
2022-05-24 14:45:59,289:ERROR:(Process Exit): setup has been interupted with user command 'quit'. setup must rerun.
2022-05-24 14:45:59,289:INFO:Creating global containers
2022-05-24 14:45:59,289:INFO:Internal pipeline: Pipeline(memory=None, steps=[('empty_step', 'passthrough')], verbose=False)
2022-05-24 14:47:21,901:INFO:PyCaret Supervised Module
2022-05-24 14:47:21,909:INFO:ML Usecase: classification
2022-05-24 14:47:21,909:INFO:version 2.3.10
2022-05-24 14:47:21,909:INFO:Initializing setup()
2022-05-24 14:47:21,909:INFO:setup(target=target, ml_usecase=classification, available_plots={'parameter': 'Hyperparameters', 'auc': 'AUC', 'confusion_matrix': 'Confusion Matrix', 'threshold': 'Threshold', 'pr': 'Precision Recall', 'error': 'Prediction Error', 'class_report': 'Class Report', 'rfe': 'Feature Selection', 'learning': 'Learning Curve', 'manifold': 'Manifold Learning', 'calibration': 'Calibration Curve', 'vc': 'Validation Curve', 'dimension': 'Dimensions', 'feature': 'Feature Importance', 'feature_all': 'Feature Importance (All)', 'boundary': 'Decision Boundary', 'lift': 'Lift Chart', 'gain': 'Gain Chart', 'tree': 'Decision Tree', 'ks': 'KS Statistic Plot'}, train_size=0.5, test_data=None, preprocess=True, imputation_type=simple, iterative_imputation_iters=5, categorical_features=None, categorical_imputation=constant, categorical_iterative_imputer=lightgbm, ordinal_features=None, high_cardinality_features=None, high_cardinality_method=frequency, numeric_features=None, numeric_imputation=mean, numeric_iterative_imputer=lightgbm, date_features=None, ignore_features=None, normalize=False, normalize_method=zscore, transformation=False, transformation_method=yeo-johnson, handle_unknown_categorical=True, unknown_categorical_method=least_frequent, pca=False, pca_method=linear, pca_components=None, ignore_low_variance=False, combine_rare_levels=False, rare_level_threshold=0.1, bin_numeric_features=None, remove_outliers=False, outliers_threshold=0.05, remove_multicollinearity=False, multicollinearity_threshold=0.9, remove_perfect_collinearity=True, create_clusters=False, cluster_iter=20, polynomial_features=False, polynomial_degree=2, trigonometry_features=False, polynomial_threshold=0.1, group_features=None, group_names=None, feature_selection=False, feature_selection_threshold=0.8, feature_selection_method=classic, feature_interaction=False, feature_ratio=False, interaction_threshold=0.01, fix_imbalance=False, fix_imbalance_method=None, transform_target=False, transform_target_method=box-cox, data_split_shuffle=True, data_split_stratify=False, fold_strategy=stratifiedkfold, fold=10, fold_shuffle=False, fold_groups=None, n_jobs=-1, use_gpu=False, custom_pipeline=None, html=True, session_id=None, log_experiment=False, experiment_name=None, experiment_custom_tags=None, log_plots=False, log_profile=False, log_data=False, silent=True, verbose=True, profile=False, profile_kwargs=None, display=None)
2022-05-24 14:47:21,909:INFO:Checking environment
2022-05-24 14:47:21,909:INFO:python_version: 3.8.13
2022-05-24 14:47:21,909:INFO:python_build: ('default', 'Mar 28 2022 06:59:08')
2022-05-24 14:47:21,909:INFO:machine: AMD64
2022-05-24 14:47:21,909:INFO:platform: Windows-10-10.0.22000-SP0
2022-05-24 14:47:21,909:INFO:Memory: svmem(total=17090899968, available=12598181888, percent=26.3, used=4492718080, free=12598181888)
2022-05-24 14:47:21,909:INFO:Physical Core: 8
2022-05-24 14:47:21,909:INFO:Logical Core: 16
2022-05-24 14:47:21,909:INFO:Checking libraries
2022-05-24 14:47:21,910:INFO:pd==1.1.5
2022-05-24 14:47:21,910:INFO:numpy==1.21.5
2022-05-24 14:47:21,910:INFO:sklearn==0.23.2
2022-05-24 14:47:21,910:INFO:lightgbm==2.3.1
2022-05-24 14:47:21,910:INFO:catboost==0.26.1
2022-05-24 14:47:21,910:INFO:xgboost==1.5.0
2022-05-24 14:47:21,911:WARNING:mlflow not found
2022-05-24 14:47:21,911:INFO:Checking Exceptions
2022-05-24 14:47:21,911:INFO:Declaring global variables
2022-05-24 14:47:21,911:INFO:USI: de80
2022-05-24 14:47:21,911:INFO:pycaret_globals: {'pycaret_globals', '_all_metrics', 'USI', '_internal_pipeline', 'dashboard_logger', 'prep_pipe', 'fix_imbalance_param', 'create_model_container', 'transform_target_param', 'fold_param', 'iterative_imputation_iters_param', 'y_test', 'X_train', '_all_models_internal', 'fold_groups_param', 'master_model_container', '_available_plots', 'fold_generator', 'log_plots_param', 'X_test', '_ml_usecase', 'gpu_param', 'fold_groups_param_full', 'X', 'exp_name_log', 'html_param', 'fold_shuffle_param', 'stratify_param', 'experiment__', 'transform_target_method_param', '_all_models', 'imputation_classifier', 'seed', 'imputation_regressor', 'y_train', 'logging_param', 'y', 'data_before_preprocess', 'n_jobs_param', '_gpu_n_jobs_param', 'fix_imbalance_method_param', 'display_container', 'target_param'}
2022-05-24 14:47:21,911:INFO:Preparing display monitor
2022-05-24 14:47:21,911:INFO:Preparing display monitor
2022-05-24 14:47:21,922:INFO:Importing libraries
2022-05-24 14:47:21,922:INFO:Copying data for preprocessing
2022-05-24 14:47:21,938:INFO:Declaring preprocessing parameters
2022-05-24 14:47:21,941:INFO:Creating preprocessing pipeline
2022-05-24 14:47:21,968:INFO:Preprocessing pipeline created successfully
2022-05-24 14:47:21,968:ERROR:(Process Exit): setup has been interupted with user command 'quit'. setup must rerun.
2022-05-24 14:47:21,968:INFO:Creating global containers
2022-05-24 14:47:21,968:INFO:Internal pipeline: Pipeline(memory=None, steps=[('empty_step', 'passthrough')], verbose=False)
2022-05-24 14:47:29,779:INFO:Creating grid variables
2022-05-24 14:47:29,794:INFO:create_model_container: 0
2022-05-24 14:47:29,794:INFO:master_model_container: 0
2022-05-24 14:47:29,794:INFO:display_container: 1
2022-05-24 14:47:29,798:INFO:Pipeline(memory=None,
         steps=[('dtypes',
                 DataTypes_Auto_infer(categorical_features=[],
                                      display_types=False, features_todrop=[],
                                      id_columns=[],
                                      ml_usecase='classification',
                                      numerical_features=[], target='target',
                                      time_features=[])),
                ('imputer',
                 Simple_Imputer(categorical_strategy='not_available',
                                fill_value_categorical=None,
                                fill_value_numerical=None,
                                numeric_stra...
                ('scaling', 'passthrough'), ('P_transform', 'passthrough'),
                ('binn', 'passthrough'), ('rem_outliers', 'passthrough'),
                ('cluster_all', 'passthrough'),
                ('dummy', Dummify(target='target')),
                ('fix_perfect', Remove_100(target='target')),
                ('clean_names', Clean_Colum_Names()),
                ('feature_select', 'passthrough'), ('fix_multi', 'passthrough'),
                ('dfs', 'passthrough'), ('pca', 'passthrough')],
         verbose=False)
2022-05-24 14:47:29,798:INFO:setup() succesfully completed......................................
2022-05-24 14:48:02,103:INFO:PyCaret Supervised Module
2022-05-24 14:48:02,103:INFO:ML Usecase: classification
2022-05-24 14:48:02,103:INFO:version 2.3.10
2022-05-24 14:48:02,103:INFO:Initializing setup()
2022-05-24 14:48:02,104:INFO:setup(target=target, ml_usecase=classification, available_plots={'parameter': 'Hyperparameters', 'auc': 'AUC', 'confusion_matrix': 'Confusion Matrix', 'threshold': 'Threshold', 'pr': 'Precision Recall', 'error': 'Prediction Error', 'class_report': 'Class Report', 'rfe': 'Feature Selection', 'learning': 'Learning Curve', 'manifold': 'Manifold Learning', 'calibration': 'Calibration Curve', 'vc': 'Validation Curve', 'dimension': 'Dimensions', 'feature': 'Feature Importance', 'feature_all': 'Feature Importance (All)', 'boundary': 'Decision Boundary', 'lift': 'Lift Chart', 'gain': 'Gain Chart', 'tree': 'Decision Tree', 'ks': 'KS Statistic Plot'}, train_size=0.5, test_data=None, preprocess=True, imputation_type=simple, iterative_imputation_iters=5, categorical_features=None, categorical_imputation=constant, categorical_iterative_imputer=lightgbm, ordinal_features=None, high_cardinality_features=None, high_cardinality_method=frequency, numeric_features=None, numeric_imputation=mean, numeric_iterative_imputer=lightgbm, date_features=None, ignore_features=None, normalize=False, normalize_method=zscore, transformation=False, transformation_method=yeo-johnson, handle_unknown_categorical=True, unknown_categorical_method=least_frequent, pca=False, pca_method=linear, pca_components=None, ignore_low_variance=False, combine_rare_levels=False, rare_level_threshold=0.1, bin_numeric_features=None, remove_outliers=False, outliers_threshold=0.05, remove_multicollinearity=False, multicollinearity_threshold=0.9, remove_perfect_collinearity=True, create_clusters=False, cluster_iter=20, polynomial_features=False, polynomial_degree=2, trigonometry_features=False, polynomial_threshold=0.1, group_features=None, group_names=None, feature_selection=False, feature_selection_threshold=0.8, feature_selection_method=classic, feature_interaction=False, feature_ratio=False, interaction_threshold=0.01, fix_imbalance=True, fix_imbalance_method=None, transform_target=False, transform_target_method=box-cox, data_split_shuffle=True, data_split_stratify=False, fold_strategy=stratifiedkfold, fold=10, fold_shuffle=False, fold_groups=None, n_jobs=-1, use_gpu=False, custom_pipeline=None, html=True, session_id=None, log_experiment=False, experiment_name=None, experiment_custom_tags=None, log_plots=False, log_profile=False, log_data=False, silent=True, verbose=True, profile=False, profile_kwargs=None, display=None)
2022-05-24 14:48:02,104:INFO:Checking environment
2022-05-24 14:48:02,104:INFO:python_version: 3.8.13
2022-05-24 14:48:02,104:INFO:python_build: ('default', 'Mar 28 2022 06:59:08')
2022-05-24 14:48:02,104:INFO:machine: AMD64
2022-05-24 14:48:02,104:INFO:platform: Windows-10-10.0.22000-SP0
2022-05-24 14:48:02,104:INFO:Memory: svmem(total=17090899968, available=12126580736, percent=29.0, used=4964319232, free=12126580736)
2022-05-24 14:48:02,104:INFO:Physical Core: 8
2022-05-24 14:48:02,104:INFO:Logical Core: 16
2022-05-24 14:48:02,104:INFO:Checking libraries
2022-05-24 14:48:02,104:INFO:pd==1.1.5
2022-05-24 14:48:02,104:INFO:numpy==1.21.5
2022-05-24 14:48:02,104:INFO:sklearn==0.23.2
2022-05-24 14:48:02,104:INFO:lightgbm==2.3.1
2022-05-24 14:48:02,104:INFO:catboost==0.26.1
2022-05-24 14:48:02,104:INFO:xgboost==1.5.0
2022-05-24 14:48:02,105:WARNING:mlflow not found
2022-05-24 14:48:02,105:INFO:Checking Exceptions
2022-05-24 14:48:02,105:INFO:Declaring global variables
2022-05-24 14:48:02,106:INFO:USI: 5a0c
2022-05-24 14:48:02,106:INFO:pycaret_globals: {'pycaret_globals', '_all_metrics', 'USI', '_internal_pipeline', 'dashboard_logger', 'prep_pipe', 'fix_imbalance_param', 'create_model_container', 'transform_target_param', 'fold_param', 'iterative_imputation_iters_param', 'y_test', 'X_train', '_all_models_internal', 'fold_groups_param', 'master_model_container', '_available_plots', 'fold_generator', 'log_plots_param', 'X_test', '_ml_usecase', 'gpu_param', 'fold_groups_param_full', 'X', 'exp_name_log', 'html_param', 'fold_shuffle_param', 'stratify_param', 'experiment__', 'transform_target_method_param', '_all_models', 'imputation_classifier', 'seed', 'imputation_regressor', 'y_train', 'logging_param', 'y', 'data_before_preprocess', 'n_jobs_param', '_gpu_n_jobs_param', 'fix_imbalance_method_param', 'display_container', 'target_param'}
2022-05-24 14:48:02,106:INFO:Preparing display monitor
2022-05-24 14:48:02,106:INFO:Preparing display monitor
2022-05-24 14:48:02,115:INFO:Importing libraries
2022-05-24 14:48:02,115:INFO:Copying data for preprocessing
2022-05-24 14:48:02,122:INFO:Declaring preprocessing parameters
2022-05-24 14:48:02,125:INFO:Creating preprocessing pipeline
2022-05-24 14:48:02,151:INFO:Preprocessing pipeline created successfully
2022-05-24 14:48:02,152:ERROR:(Process Exit): setup has been interupted with user command 'quit'. setup must rerun.
2022-05-24 14:48:02,152:INFO:Creating global containers
2022-05-24 14:48:02,153:INFO:Internal pipeline: Pipeline(memory=None,
         steps=[('fix_imbalance',
                 SMOTE(k_neighbors=5, n_jobs=None, random_state=2987,
                       sampling_strategy='auto'))],
         verbose=False)
2022-05-24 14:48:10,100:INFO:Creating grid variables
2022-05-24 14:48:10,113:INFO:create_model_container: 0
2022-05-24 14:48:10,114:INFO:master_model_container: 0
2022-05-24 14:48:10,114:INFO:display_container: 1
2022-05-24 14:48:10,117:INFO:Pipeline(memory=None,
         steps=[('dtypes',
                 DataTypes_Auto_infer(categorical_features=[],
                                      display_types=False, features_todrop=[],
                                      id_columns=[],
                                      ml_usecase='classification',
                                      numerical_features=[], target='target',
                                      time_features=[])),
                ('imputer',
                 Simple_Imputer(categorical_strategy='not_available',
                                fill_value_categorical=None,
                                fill_value_numerical=None,
                                numeric_stra...
                ('scaling', 'passthrough'), ('P_transform', 'passthrough'),
                ('binn', 'passthrough'), ('rem_outliers', 'passthrough'),
                ('cluster_all', 'passthrough'),
                ('dummy', Dummify(target='target')),
                ('fix_perfect', Remove_100(target='target')),
                ('clean_names', Clean_Colum_Names()),
                ('feature_select', 'passthrough'), ('fix_multi', 'passthrough'),
                ('dfs', 'passthrough'), ('pca', 'passthrough')],
         verbose=False)
2022-05-24 14:48:10,118:INFO:setup() succesfully completed......................................
2022-05-24 14:50:03,095:INFO:Initializing compare_models()
2022-05-24 14:50:03,095:INFO:compare_models(include=None, fold=3, round=4, cross_validation=True, sort=AUC, n_select=1, budget_time=None, turbo=True, errors=ignore, fit_kwargs=None, groups=None, experiment_custom_tags=None, probability_threshold=None, verbose=True, display=None, exclude=None)
2022-05-24 14:50:03,095:INFO:Checking exceptions
2022-05-24 14:50:03,096:INFO:Preparing display monitor
2022-05-24 14:50:03,096:INFO:Preparing display monitor
2022-05-24 14:50:03,121:INFO:Initializing Logistic Regression
2022-05-24 14:50:03,121:INFO:Total runtime is 0.0 minutes
2022-05-24 14:50:03,130:INFO:SubProcess create_model() called ==================================
2022-05-24 14:50:03,130:INFO:Initializing create_model()
2022-05-24 14:50:03,130:INFO:create_model(estimator=lr, fold=StratifiedKFold(n_splits=3, random_state=None, shuffle=False), round=4, cross_validation=True, predict=True, fit_kwargs={}, groups=None, refit=False, verbose=False, system=False, metrics=None, experiment_custom_tags=None, add_to_model_list=True, probability_threshold=None, display=<pycaret.internal.Display.Display object at 0x0000021239952160>, return_train_score=False, kwargs={})
2022-05-24 14:50:03,130:INFO:Checking exceptions
2022-05-24 14:50:03,130:INFO:Importing libraries
2022-05-24 14:50:03,130:INFO:Copying training dataset
2022-05-24 14:50:03,142:INFO:Defining folds
2022-05-24 14:50:03,142:INFO:Declaring metric variables
2022-05-24 14:50:03,151:INFO:Importing untrained model
2022-05-24 14:50:03,158:INFO:Logistic Regression Imported succesfully
2022-05-24 14:50:03,173:INFO:Starting cross validation
2022-05-24 14:50:03,174:INFO:Cross validating with StratifiedKFold(n_splits=3, random_state=None, shuffle=False), n_jobs=-1
2022-05-24 14:50:29,765:INFO:Calculating mean and std
2022-05-24 14:50:29,766:INFO:Creating metrics dataframe
2022-05-24 14:50:29,770:INFO:Uploading results into container
2022-05-24 14:50:29,771:INFO:Uploading model into container now
2022-05-24 14:50:29,771:INFO:create_model_container: 1
2022-05-24 14:50:29,771:INFO:master_model_container: 1
2022-05-24 14:50:29,771:INFO:display_container: 2
2022-05-24 14:50:29,771:INFO:LogisticRegression(C=1.0, class_weight=None, dual=False, fit_intercept=True,
                   intercept_scaling=1, l1_ratio=None, max_iter=1000,
                   multi_class='auto', n_jobs=None, penalty='l2',
                   random_state=2987, solver='lbfgs', tol=0.0001, verbose=0,
                   warm_start=False)
2022-05-24 14:50:29,771:INFO:create_model() succesfully completed......................................
2022-05-24 14:50:29,922:WARNING:create_model() for LogisticRegression(C=1.0, class_weight=None, dual=False, fit_intercept=True,
                   intercept_scaling=1, l1_ratio=None, max_iter=1000,
                   multi_class='auto', n_jobs=None, penalty='l2',
                   random_state=2987, solver='lbfgs', tol=0.0001, verbose=0,
                   warm_start=False) raised an exception or returned all 0.0, trying without fit_kwargs:
2022-05-24 14:50:29,922:WARNING:Traceback (most recent call last):
  File "c:\Users\Mauricio\anaconda3\envs\PycaretEnv\lib\site-packages\pycaret\internal\tabular.py", line 2205, in compare_models
    assert np.sum(model_results.iloc[0]) != 0.0
AssertionError

2022-05-24 14:50:29,923:INFO:Initializing create_model()
2022-05-24 14:50:29,923:INFO:create_model(estimator=lr, fold=StratifiedKFold(n_splits=3, random_state=None, shuffle=False), round=4, cross_validation=True, predict=True, fit_kwargs={}, groups=None, refit=False, verbose=False, system=False, metrics=None, experiment_custom_tags=None, add_to_model_list=True, probability_threshold=None, display=<pycaret.internal.Display.Display object at 0x0000021239952160>, return_train_score=False, kwargs={})
2022-05-24 14:50:29,923:INFO:Checking exceptions
2022-05-24 14:50:29,923:INFO:Importing libraries
2022-05-24 14:50:29,923:INFO:Copying training dataset
2022-05-24 14:50:29,933:INFO:Defining folds
2022-05-24 14:50:29,933:INFO:Declaring metric variables
2022-05-24 14:50:29,939:INFO:Importing untrained model
2022-05-24 14:50:29,946:INFO:Logistic Regression Imported succesfully
2022-05-24 14:50:29,959:INFO:Starting cross validation
2022-05-24 14:50:29,960:INFO:Cross validating with StratifiedKFold(n_splits=3, random_state=None, shuffle=False), n_jobs=-1
2022-05-24 14:50:53,622:INFO:Calculating mean and std
2022-05-24 14:50:53,623:INFO:Creating metrics dataframe
2022-05-24 14:50:53,628:INFO:Uploading results into container
2022-05-24 14:50:53,628:INFO:Uploading model into container now
2022-05-24 14:50:53,628:INFO:create_model_container: 2
2022-05-24 14:50:53,628:INFO:master_model_container: 2
2022-05-24 14:50:53,628:INFO:display_container: 2
2022-05-24 14:50:53,629:INFO:LogisticRegression(C=1.0, class_weight=None, dual=False, fit_intercept=True,
                   intercept_scaling=1, l1_ratio=None, max_iter=1000,
                   multi_class='auto', n_jobs=None, penalty='l2',
                   random_state=2987, solver='lbfgs', tol=0.0001, verbose=0,
                   warm_start=False)
2022-05-24 14:50:53,629:INFO:create_model() succesfully completed......................................
2022-05-24 14:50:53,784:ERROR:create_model() for LogisticRegression(C=1.0, class_weight=None, dual=False, fit_intercept=True,
                   intercept_scaling=1, l1_ratio=None, max_iter=1000,
                   multi_class='auto', n_jobs=None, penalty='l2',
                   random_state=2987, solver='lbfgs', tol=0.0001, verbose=0,
                   warm_start=False) raised an exception or returned all 0.0:
2022-05-24 14:50:53,785:ERROR:Traceback (most recent call last):
  File "c:\Users\Mauricio\anaconda3\envs\PycaretEnv\lib\site-packages\pycaret\internal\tabular.py", line 2205, in compare_models
    assert np.sum(model_results.iloc[0]) != 0.0
AssertionError

During handling of the above exception, another exception occurred:

Traceback (most recent call last):
  File "c:\Users\Mauricio\anaconda3\envs\PycaretEnv\lib\site-packages\pycaret\internal\tabular.py", line 2214, in compare_models
    assert np.sum(model_results.iloc[0]) != 0.0
AssertionError

2022-05-24 14:50:53,785:INFO:Initializing K Neighbors Classifier
2022-05-24 14:50:53,785:INFO:Total runtime is 0.8443907181421916 minutes
2022-05-24 14:50:53,792:INFO:SubProcess create_model() called ==================================
2022-05-24 14:50:53,792:INFO:Initializing create_model()
2022-05-24 14:50:53,792:INFO:create_model(estimator=knn, fold=StratifiedKFold(n_splits=3, random_state=None, shuffle=False), round=4, cross_validation=True, predict=True, fit_kwargs={}, groups=None, refit=False, verbose=False, system=False, metrics=None, experiment_custom_tags=None, add_to_model_list=True, probability_threshold=None, display=<pycaret.internal.Display.Display object at 0x0000021239952160>, return_train_score=False, kwargs={})
2022-05-24 14:50:53,792:INFO:Checking exceptions
2022-05-24 14:50:53,792:INFO:Importing libraries
2022-05-24 14:50:53,792:INFO:Copying training dataset
2022-05-24 14:50:53,799:INFO:Defining folds
2022-05-24 14:50:53,799:INFO:Declaring metric variables
2022-05-24 14:50:53,806:INFO:Importing untrained model
2022-05-24 14:50:53,812:INFO:K Neighbors Classifier Imported succesfully
2022-05-24 14:50:53,826:INFO:Starting cross validation
2022-05-24 14:50:53,827:INFO:Cross validating with StratifiedKFold(n_splits=3, random_state=None, shuffle=False), n_jobs=-1
2022-05-24 14:50:58,385:INFO:Calculating mean and std
2022-05-24 14:50:58,386:INFO:Creating metrics dataframe
2022-05-24 14:50:58,390:INFO:Uploading results into container
2022-05-24 14:50:58,391:INFO:Uploading model into container now
2022-05-24 14:50:58,391:INFO:create_model_container: 3
2022-05-24 14:50:58,391:INFO:master_model_container: 3
2022-05-24 14:50:58,391:INFO:display_container: 2
2022-05-24 14:50:58,391:INFO:KNeighborsClassifier(algorithm='auto', leaf_size=30, metric='minkowski',
                     metric_params=None, n_jobs=-1, n_neighbors=5, p=2,
                     weights='uniform')
2022-05-24 14:50:58,391:INFO:create_model() succesfully completed......................................
2022-05-24 14:50:58,556:INFO:SubProcess create_model() end ==================================
2022-05-24 14:50:58,557:INFO:Creating metrics dataframe
2022-05-24 14:50:58,572:INFO:Initializing Naive Bayes
2022-05-24 14:50:58,572:INFO:Total runtime is 0.9241876602172852 minutes
2022-05-24 14:50:58,579:INFO:SubProcess create_model() called ==================================
2022-05-24 14:50:58,579:INFO:Initializing create_model()
2022-05-24 14:50:58,579:INFO:create_model(estimator=nb, fold=StratifiedKFold(n_splits=3, random_state=None, shuffle=False), round=4, cross_validation=True, predict=True, fit_kwargs={}, groups=None, refit=False, verbose=False, system=False, metrics=None, experiment_custom_tags=None, add_to_model_list=True, probability_threshold=None, display=<pycaret.internal.Display.Display object at 0x0000021239952160>, return_train_score=False, kwargs={})
2022-05-24 14:50:58,579:INFO:Checking exceptions
2022-05-24 14:50:58,579:INFO:Importing libraries
2022-05-24 14:50:58,579:INFO:Copying training dataset
2022-05-24 14:50:58,587:INFO:Defining folds
2022-05-24 14:50:58,587:INFO:Declaring metric variables
2022-05-24 14:50:58,594:INFO:Importing untrained model
2022-05-24 14:50:58,602:INFO:Naive Bayes Imported succesfully
2022-05-24 14:50:58,622:INFO:Starting cross validation
2022-05-24 14:50:58,623:INFO:Cross validating with StratifiedKFold(n_splits=3, random_state=None, shuffle=False), n_jobs=-1
2022-05-24 14:51:01,984:INFO:Calculating mean and std
2022-05-24 14:51:01,985:INFO:Creating metrics dataframe
2022-05-24 14:51:01,989:INFO:Uploading results into container
2022-05-24 14:51:01,989:INFO:Uploading model into container now
2022-05-24 14:51:01,989:INFO:create_model_container: 4
2022-05-24 14:51:01,989:INFO:master_model_container: 4
2022-05-24 14:51:01,989:INFO:display_container: 2
2022-05-24 14:51:01,990:INFO:GaussianNB(priors=None, var_smoothing=1e-09)
2022-05-24 14:51:01,990:INFO:create_model() succesfully completed......................................
2022-05-24 14:51:02,155:INFO:SubProcess create_model() end ==================================
2022-05-24 14:51:02,155:INFO:Creating metrics dataframe
2022-05-24 14:51:02,171:INFO:Initializing Decision Tree Classifier
2022-05-24 14:51:02,171:INFO:Total runtime is 0.9841724435488383 minutes
2022-05-24 14:51:02,179:INFO:SubProcess create_model() called ==================================
2022-05-24 14:51:02,179:INFO:Initializing create_model()
2022-05-24 14:51:02,179:INFO:create_model(estimator=dt, fold=StratifiedKFold(n_splits=3, random_state=None, shuffle=False), round=4, cross_validation=True, predict=True, fit_kwargs={}, groups=None, refit=False, verbose=False, system=False, metrics=None, experiment_custom_tags=None, add_to_model_list=True, probability_threshold=None, display=<pycaret.internal.Display.Display object at 0x0000021239952160>, return_train_score=False, kwargs={})
2022-05-24 14:51:02,179:INFO:Checking exceptions
2022-05-24 14:51:02,179:INFO:Importing libraries
2022-05-24 14:51:02,179:INFO:Copying training dataset
2022-05-24 14:51:02,186:INFO:Defining folds
2022-05-24 14:51:02,186:INFO:Declaring metric variables
2022-05-24 14:51:02,194:INFO:Importing untrained model
2022-05-24 14:51:02,201:INFO:Decision Tree Classifier Imported succesfully
2022-05-24 14:51:02,217:INFO:Starting cross validation
2022-05-24 14:51:02,217:INFO:Cross validating with StratifiedKFold(n_splits=3, random_state=None, shuffle=False), n_jobs=-1
2022-05-24 14:51:05,446:INFO:Calculating mean and std
2022-05-24 14:51:05,447:INFO:Creating metrics dataframe
2022-05-24 14:51:05,451:INFO:Uploading results into container
2022-05-24 14:51:05,452:INFO:Uploading model into container now
2022-05-24 14:51:05,452:INFO:create_model_container: 5
2022-05-24 14:51:05,452:INFO:master_model_container: 5
2022-05-24 14:51:05,452:INFO:display_container: 2
2022-05-24 14:51:05,452:INFO:DecisionTreeClassifier(ccp_alpha=0.0, class_weight=None, criterion='gini',
                       max_depth=None, max_features=None, max_leaf_nodes=None,
                       min_impurity_decrease=0.0, min_impurity_split=None,
                       min_samples_leaf=1, min_samples_split=2,
                       min_weight_fraction_leaf=0.0, presort='deprecated',
                       random_state=2987, splitter='best')
2022-05-24 14:51:05,452:INFO:create_model() succesfully completed......................................
2022-05-24 14:51:05,607:INFO:SubProcess create_model() end ==================================
2022-05-24 14:51:05,607:INFO:Creating metrics dataframe
2022-05-24 14:51:05,622:INFO:Initializing SVM - Linear Kernel
2022-05-24 14:51:05,622:INFO:Total runtime is 1.041676076253255 minutes
2022-05-24 14:51:05,628:INFO:SubProcess create_model() called ==================================
2022-05-24 14:51:05,629:INFO:Initializing create_model()
2022-05-24 14:51:05,629:INFO:create_model(estimator=svm, fold=StratifiedKFold(n_splits=3, random_state=None, shuffle=False), round=4, cross_validation=True, predict=True, fit_kwargs={}, groups=None, refit=False, verbose=False, system=False, metrics=None, experiment_custom_tags=None, add_to_model_list=True, probability_threshold=None, display=<pycaret.internal.Display.Display object at 0x0000021239952160>, return_train_score=False, kwargs={})
2022-05-24 14:51:05,629:INFO:Checking exceptions
2022-05-24 14:51:05,629:INFO:Importing libraries
2022-05-24 14:51:05,630:INFO:Copying training dataset
2022-05-24 14:51:05,636:INFO:Defining folds
2022-05-24 14:51:05,636:INFO:Declaring metric variables
2022-05-24 14:51:05,643:INFO:Importing untrained model
2022-05-24 14:51:05,650:INFO:SVM - Linear Kernel Imported succesfully
2022-05-24 14:51:05,664:INFO:Starting cross validation
2022-05-24 14:51:05,665:INFO:Cross validating with StratifiedKFold(n_splits=3, random_state=None, shuffle=False), n_jobs=-1
2022-05-24 14:51:10,236:INFO:Calculating mean and std
2022-05-24 14:51:10,237:INFO:Creating metrics dataframe
2022-05-24 14:51:10,242:INFO:Uploading results into container
2022-05-24 14:51:10,242:INFO:Uploading model into container now
2022-05-24 14:51:10,242:INFO:create_model_container: 6
2022-05-24 14:51:10,242:INFO:master_model_container: 6
2022-05-24 14:51:10,242:INFO:display_container: 2
2022-05-24 14:51:10,243:INFO:SGDClassifier(alpha=0.0001, average=False, class_weight=None,
              early_stopping=False, epsilon=0.1, eta0=0.001, fit_intercept=True,
              l1_ratio=0.15, learning_rate='optimal', loss='hinge',
              max_iter=1000, n_iter_no_change=5, n_jobs=-1, penalty='l2',
              power_t=0.5, random_state=2987, shuffle=True, tol=0.001,
              validation_fraction=0.1, verbose=0, warm_start=False)
2022-05-24 14:51:10,243:INFO:create_model() succesfully completed......................................
2022-05-24 14:51:10,403:INFO:SubProcess create_model() end ==================================
2022-05-24 14:51:10,404:INFO:Creating metrics dataframe
2022-05-24 14:51:10,422:INFO:Initializing Ridge Classifier
2022-05-24 14:51:10,422:INFO:Total runtime is 1.121674080689748 minutes
2022-05-24 14:51:10,429:INFO:SubProcess create_model() called ==================================
2022-05-24 14:51:10,429:INFO:Initializing create_model()
2022-05-24 14:51:10,429:INFO:create_model(estimator=ridge, fold=StratifiedKFold(n_splits=3, random_state=None, shuffle=False), round=4, cross_validation=True, predict=True, fit_kwargs={}, groups=None, refit=False, verbose=False, system=False, metrics=None, experiment_custom_tags=None, add_to_model_list=True, probability_threshold=None, display=<pycaret.internal.Display.Display object at 0x0000021239952160>, return_train_score=False, kwargs={})
2022-05-24 14:51:10,429:INFO:Checking exceptions
2022-05-24 14:51:10,429:INFO:Importing libraries
2022-05-24 14:51:10,429:INFO:Copying training dataset
2022-05-24 14:51:10,438:INFO:Defining folds
2022-05-24 14:51:10,438:INFO:Declaring metric variables
2022-05-24 14:51:10,445:INFO:Importing untrained model
2022-05-24 14:51:10,452:INFO:Ridge Classifier Imported succesfully
2022-05-24 14:51:10,466:INFO:Starting cross validation
2022-05-24 14:51:10,466:INFO:Cross validating with StratifiedKFold(n_splits=3, random_state=None, shuffle=False), n_jobs=-1
2022-05-24 14:51:25,104:INFO:Calculating mean and std
2022-05-24 14:51:25,105:INFO:Creating metrics dataframe
2022-05-24 14:51:25,110:INFO:Uploading results into container
2022-05-24 14:51:25,110:INFO:Uploading model into container now
2022-05-24 14:51:25,110:INFO:create_model_container: 7
2022-05-24 14:51:25,111:INFO:master_model_container: 7
2022-05-24 14:51:25,111:INFO:display_container: 2
2022-05-24 14:51:25,111:INFO:RidgeClassifier(alpha=1.0, class_weight=None, copy_X=True, fit_intercept=True,
                max_iter=None, normalize=False, random_state=2987,
                solver='auto', tol=0.001)
2022-05-24 14:51:25,111:INFO:create_model() succesfully completed......................................
2022-05-24 14:51:25,258:INFO:SubProcess create_model() end ==================================
2022-05-24 14:51:25,258:INFO:Creating metrics dataframe
2022-05-24 14:51:25,273:INFO:Initializing Random Forest Classifier
2022-05-24 14:51:25,273:INFO:Total runtime is 1.3692069172859191 minutes
2022-05-24 14:51:25,280:INFO:SubProcess create_model() called ==================================
2022-05-24 14:51:25,280:INFO:Initializing create_model()
2022-05-24 14:51:25,280:INFO:create_model(estimator=rf, fold=StratifiedKFold(n_splits=3, random_state=None, shuffle=False), round=4, cross_validation=True, predict=True, fit_kwargs={}, groups=None, refit=False, verbose=False, system=False, metrics=None, experiment_custom_tags=None, add_to_model_list=True, probability_threshold=None, display=<pycaret.internal.Display.Display object at 0x0000021239952160>, return_train_score=False, kwargs={})
2022-05-24 14:51:25,280:INFO:Checking exceptions
2022-05-24 14:51:25,280:INFO:Importing libraries
2022-05-24 14:51:25,281:INFO:Copying training dataset
2022-05-24 14:51:25,289:INFO:Defining folds
2022-05-24 14:51:25,289:INFO:Declaring metric variables
2022-05-24 14:51:25,295:INFO:Importing untrained model
2022-05-24 14:51:25,302:INFO:Random Forest Classifier Imported succesfully
2022-05-24 14:51:25,317:INFO:Starting cross validation
2022-05-24 14:51:25,318:INFO:Cross validating with StratifiedKFold(n_splits=3, random_state=None, shuffle=False), n_jobs=-1
2022-05-24 14:51:28,190:INFO:Calculating mean and std
2022-05-24 14:51:28,191:INFO:Creating metrics dataframe
2022-05-24 14:51:28,196:INFO:Uploading results into container
2022-05-24 14:51:28,196:INFO:Uploading model into container now
2022-05-24 14:51:28,196:INFO:create_model_container: 8
2022-05-24 14:51:28,196:INFO:master_model_container: 8
2022-05-24 14:51:28,196:INFO:display_container: 2
2022-05-24 14:51:28,197:INFO:RandomForestClassifier(bootstrap=True, ccp_alpha=0.0, class_weight=None,
                       criterion='gini', max_depth=None, max_features='auto',
                       max_leaf_nodes=None, max_samples=None,
                       min_impurity_decrease=0.0, min_impurity_split=None,
                       min_samples_leaf=1, min_samples_split=2,
                       min_weight_fraction_leaf=0.0, n_estimators=100,
                       n_jobs=-1, oob_score=False, random_state=2987, verbose=0,
                       warm_start=False)
2022-05-24 14:51:28,197:INFO:create_model() succesfully completed......................................
2022-05-24 14:51:28,343:INFO:SubProcess create_model() end ==================================
2022-05-24 14:51:28,343:INFO:Creating metrics dataframe
2022-05-24 14:51:28,360:INFO:Initializing Quadratic Discriminant Analysis
2022-05-24 14:51:28,360:INFO:Total runtime is 1.4206519921620686 minutes
2022-05-24 14:51:28,367:INFO:SubProcess create_model() called ==================================
2022-05-24 14:51:28,367:INFO:Initializing create_model()
2022-05-24 14:51:28,367:INFO:create_model(estimator=qda, fold=StratifiedKFold(n_splits=3, random_state=None, shuffle=False), round=4, cross_validation=True, predict=True, fit_kwargs={}, groups=None, refit=False, verbose=False, system=False, metrics=None, experiment_custom_tags=None, add_to_model_list=True, probability_threshold=None, display=<pycaret.internal.Display.Display object at 0x0000021239952160>, return_train_score=False, kwargs={})
2022-05-24 14:51:28,367:INFO:Checking exceptions
2022-05-24 14:51:28,367:INFO:Importing libraries
2022-05-24 14:51:28,368:INFO:Copying training dataset
2022-05-24 14:51:28,374:INFO:Defining folds
2022-05-24 14:51:28,374:INFO:Declaring metric variables
2022-05-24 14:51:28,380:INFO:Importing untrained model
2022-05-24 14:51:28,387:INFO:Quadratic Discriminant Analysis Imported succesfully
2022-05-24 14:51:28,400:INFO:Starting cross validation
2022-05-24 14:51:28,401:INFO:Cross validating with StratifiedKFold(n_splits=3, random_state=None, shuffle=False), n_jobs=-1
2022-05-24 14:51:49,850:INFO:Calculating mean and std
2022-05-24 14:51:49,851:INFO:Creating metrics dataframe
2022-05-24 14:51:49,855:INFO:Uploading results into container
2022-05-24 14:51:49,855:INFO:Uploading model into container now
2022-05-24 14:51:49,856:INFO:create_model_container: 9
2022-05-24 14:51:49,856:INFO:master_model_container: 9
2022-05-24 14:51:49,856:INFO:display_container: 2
2022-05-24 14:51:49,856:INFO:QuadraticDiscriminantAnalysis(priors=None, reg_param=0.0,
                              store_covariance=False, tol=0.0001)
2022-05-24 14:51:49,856:INFO:create_model() succesfully completed......................................
2022-05-24 14:51:50,003:INFO:SubProcess create_model() end ==================================
2022-05-24 14:51:50,003:INFO:Creating metrics dataframe
2022-05-24 14:51:50,020:INFO:Initializing Ada Boost Classifier
2022-05-24 14:51:50,020:INFO:Total runtime is 1.7816475788752237 minutes
2022-05-24 14:51:50,026:INFO:SubProcess create_model() called ==================================
2022-05-24 14:51:50,027:INFO:Initializing create_model()
2022-05-24 14:51:50,027:INFO:create_model(estimator=ada, fold=StratifiedKFold(n_splits=3, random_state=None, shuffle=False), round=4, cross_validation=True, predict=True, fit_kwargs={}, groups=None, refit=False, verbose=False, system=False, metrics=None, experiment_custom_tags=None, add_to_model_list=True, probability_threshold=None, display=<pycaret.internal.Display.Display object at 0x0000021239952160>, return_train_score=False, kwargs={})
2022-05-24 14:51:50,027:INFO:Checking exceptions
2022-05-24 14:51:50,027:INFO:Importing libraries
2022-05-24 14:51:50,027:INFO:Copying training dataset
2022-05-24 14:51:50,034:INFO:Defining folds
2022-05-24 14:51:50,034:INFO:Declaring metric variables
2022-05-24 14:51:50,040:INFO:Importing untrained model
2022-05-24 14:51:50,046:INFO:Ada Boost Classifier Imported succesfully
2022-05-24 14:51:50,060:INFO:Starting cross validation
2022-05-24 14:51:50,061:INFO:Cross validating with StratifiedKFold(n_splits=3, random_state=None, shuffle=False), n_jobs=-1
2022-05-24 14:51:54,324:INFO:Calculating mean and std
2022-05-24 14:51:54,325:INFO:Creating metrics dataframe
2022-05-24 14:51:54,330:INFO:Uploading results into container
2022-05-24 14:51:54,330:INFO:Uploading model into container now
2022-05-24 14:51:54,330:INFO:create_model_container: 10
2022-05-24 14:51:54,330:INFO:master_model_container: 10
2022-05-24 14:51:54,330:INFO:display_container: 2
2022-05-24 14:51:54,331:INFO:AdaBoostClassifier(algorithm='SAMME.R', base_estimator=None, learning_rate=1.0,
                   n_estimators=50, random_state=2987)
2022-05-24 14:51:54,331:INFO:create_model() succesfully completed......................................
2022-05-24 14:51:54,476:INFO:SubProcess create_model() end ==================================
2022-05-24 14:51:54,476:INFO:Creating metrics dataframe
2022-05-24 14:51:54,493:INFO:Initializing Gradient Boosting Classifier
2022-05-24 14:51:54,493:INFO:Total runtime is 1.856197965145111 minutes
2022-05-24 14:51:54,499:INFO:SubProcess create_model() called ==================================
2022-05-24 14:51:54,500:INFO:Initializing create_model()
2022-05-24 14:51:54,500:INFO:create_model(estimator=gbc, fold=StratifiedKFold(n_splits=3, random_state=None, shuffle=False), round=4, cross_validation=True, predict=True, fit_kwargs={}, groups=None, refit=False, verbose=False, system=False, metrics=None, experiment_custom_tags=None, add_to_model_list=True, probability_threshold=None, display=<pycaret.internal.Display.Display object at 0x0000021239952160>, return_train_score=False, kwargs={})
2022-05-24 14:51:54,500:INFO:Checking exceptions
2022-05-24 14:51:54,500:INFO:Importing libraries
2022-05-24 14:51:54,500:INFO:Copying training dataset
2022-05-24 14:51:54,507:INFO:Defining folds
2022-05-24 14:51:54,507:INFO:Declaring metric variables
2022-05-24 14:51:54,513:INFO:Importing untrained model
2022-05-24 14:51:54,520:INFO:Gradient Boosting Classifier Imported succesfully
2022-05-24 14:51:54,534:INFO:Starting cross validation
2022-05-24 14:51:54,535:INFO:Cross validating with StratifiedKFold(n_splits=3, random_state=None, shuffle=False), n_jobs=-1
2022-05-24 14:52:04,805:INFO:Calculating mean and std
2022-05-24 14:52:04,806:INFO:Creating metrics dataframe
2022-05-24 14:52:04,810:INFO:Uploading results into container
2022-05-24 14:52:04,810:INFO:Uploading model into container now
2022-05-24 14:52:04,810:INFO:create_model_container: 11
2022-05-24 14:52:04,811:INFO:master_model_container: 11
2022-05-24 14:52:04,811:INFO:display_container: 2
2022-05-24 14:52:04,811:INFO:GradientBoostingClassifier(ccp_alpha=0.0, criterion='friedman_mse', init=None,
                           learning_rate=0.1, loss='deviance', max_depth=3,
                           max_features=None, max_leaf_nodes=None,
                           min_impurity_decrease=0.0, min_impurity_split=None,
                           min_samples_leaf=1, min_samples_split=2,
                           min_weight_fraction_leaf=0.0, n_estimators=100,
                           n_iter_no_change=None, presort='deprecated',
                           random_state=2987, subsample=1.0, tol=0.0001,
                           validation_fraction=0.1, verbose=0,
                           warm_start=False)
2022-05-24 14:52:04,811:INFO:create_model() succesfully completed......................................
2022-05-24 14:52:04,955:INFO:SubProcess create_model() end ==================================
2022-05-24 14:52:04,955:INFO:Creating metrics dataframe
2022-05-24 14:52:04,973:INFO:Initializing Linear Discriminant Analysis
2022-05-24 14:52:04,973:INFO:Total runtime is 2.0308590809504192 minutes
2022-05-24 14:52:04,980:INFO:SubProcess create_model() called ==================================
2022-05-24 14:52:04,980:INFO:Initializing create_model()
2022-05-24 14:52:04,980:INFO:create_model(estimator=lda, fold=StratifiedKFold(n_splits=3, random_state=None, shuffle=False), round=4, cross_validation=True, predict=True, fit_kwargs={}, groups=None, refit=False, verbose=False, system=False, metrics=None, experiment_custom_tags=None, add_to_model_list=True, probability_threshold=None, display=<pycaret.internal.Display.Display object at 0x0000021239952160>, return_train_score=False, kwargs={})
2022-05-24 14:52:04,981:INFO:Checking exceptions
2022-05-24 14:52:04,981:INFO:Importing libraries
2022-05-24 14:52:04,981:INFO:Copying training dataset
2022-05-24 14:52:04,987:INFO:Defining folds
2022-05-24 14:52:04,987:INFO:Declaring metric variables
2022-05-24 14:52:04,994:INFO:Importing untrained model
2022-05-24 14:52:05,001:INFO:Linear Discriminant Analysis Imported succesfully
2022-05-24 14:52:05,015:INFO:Starting cross validation
2022-05-24 14:52:05,016:INFO:Cross validating with StratifiedKFold(n_splits=3, random_state=None, shuffle=False), n_jobs=-1
2022-05-24 14:52:39,026:INFO:Calculating mean and std
2022-05-24 14:52:39,027:INFO:Creating metrics dataframe
2022-05-24 14:52:39,032:INFO:Uploading results into container
2022-05-24 14:52:39,032:INFO:Uploading model into container now
2022-05-24 14:52:39,032:INFO:create_model_container: 12
2022-05-24 14:52:39,032:INFO:master_model_container: 12
2022-05-24 14:52:39,032:INFO:display_container: 2
2022-05-24 14:52:39,032:INFO:LinearDiscriminantAnalysis(n_components=None, priors=None, shrinkage=None,
                           solver='svd', store_covariance=False, tol=0.0001)
2022-05-24 14:52:39,032:INFO:create_model() succesfully completed......................................
2022-05-24 14:52:39,192:INFO:SubProcess create_model() end ==================================
2022-05-24 14:52:39,193:INFO:Creating metrics dataframe
2022-05-24 14:52:39,211:INFO:Initializing Extra Trees Classifier
2022-05-24 14:52:39,211:INFO:Total runtime is 2.6014910300572716 minutes
2022-05-24 14:52:39,217:INFO:SubProcess create_model() called ==================================
2022-05-24 14:52:39,218:INFO:Initializing create_model()
2022-05-24 14:52:39,218:INFO:create_model(estimator=et, fold=StratifiedKFold(n_splits=3, random_state=None, shuffle=False), round=4, cross_validation=True, predict=True, fit_kwargs={}, groups=None, refit=False, verbose=False, system=False, metrics=None, experiment_custom_tags=None, add_to_model_list=True, probability_threshold=None, display=<pycaret.internal.Display.Display object at 0x0000021239952160>, return_train_score=False, kwargs={})
2022-05-24 14:52:39,218:INFO:Checking exceptions
2022-05-24 14:52:39,218:INFO:Importing libraries
2022-05-24 14:52:39,218:INFO:Copying training dataset
2022-05-24 14:52:39,227:INFO:Defining folds
2022-05-24 14:52:39,227:INFO:Declaring metric variables
2022-05-24 14:52:39,233:INFO:Importing untrained model
2022-05-24 14:52:39,242:INFO:Extra Trees Classifier Imported succesfully
2022-05-24 14:52:39,256:INFO:Starting cross validation
2022-05-24 14:52:39,256:INFO:Cross validating with StratifiedKFold(n_splits=3, random_state=None, shuffle=False), n_jobs=-1
2022-05-24 14:52:43,350:INFO:Calculating mean and std
2022-05-24 14:52:43,351:INFO:Creating metrics dataframe
2022-05-24 14:52:43,356:INFO:Uploading results into container
2022-05-24 14:52:43,356:INFO:Uploading model into container now
2022-05-24 14:52:43,356:INFO:create_model_container: 13
2022-05-24 14:52:43,356:INFO:master_model_container: 13
2022-05-24 14:52:43,356:INFO:display_container: 2
2022-05-24 14:52:43,357:INFO:ExtraTreesClassifier(bootstrap=False, ccp_alpha=0.0, class_weight=None,
                     criterion='gini', max_depth=None, max_features='auto',
                     max_leaf_nodes=None, max_samples=None,
                     min_impurity_decrease=0.0, min_impurity_split=None,
                     min_samples_leaf=1, min_samples_split=2,
                     min_weight_fraction_leaf=0.0, n_estimators=100, n_jobs=-1,
                     oob_score=False, random_state=2987, verbose=0,
                     warm_start=False)
2022-05-24 14:52:43,357:INFO:create_model() succesfully completed......................................
2022-05-24 14:52:43,508:INFO:SubProcess create_model() end ==================================
2022-05-24 14:52:43,508:INFO:Creating metrics dataframe
2022-05-24 14:52:43,527:INFO:Initializing Extreme Gradient Boosting
2022-05-24 14:52:43,527:INFO:Total runtime is 2.673430895805359 minutes
2022-05-24 14:52:43,533:INFO:SubProcess create_model() called ==================================
2022-05-24 14:52:43,534:INFO:Initializing create_model()
2022-05-24 14:52:43,534:INFO:create_model(estimator=xgboost, fold=StratifiedKFold(n_splits=3, random_state=None, shuffle=False), round=4, cross_validation=True, predict=True, fit_kwargs={}, groups=None, refit=False, verbose=False, system=False, metrics=None, experiment_custom_tags=None, add_to_model_list=True, probability_threshold=None, display=<pycaret.internal.Display.Display object at 0x0000021239952160>, return_train_score=False, kwargs={})
2022-05-24 14:52:43,534:INFO:Checking exceptions
2022-05-24 14:52:43,534:INFO:Importing libraries
2022-05-24 14:52:43,534:INFO:Copying training dataset
2022-05-24 14:52:43,541:INFO:Defining folds
2022-05-24 14:52:43,541:INFO:Declaring metric variables
2022-05-24 14:52:43,547:INFO:Importing untrained model
2022-05-24 14:52:43,554:INFO:Extreme Gradient Boosting Imported succesfully
2022-05-24 14:52:43,568:INFO:Starting cross validation
2022-05-24 14:52:43,570:INFO:Cross validating with StratifiedKFold(n_splits=3, random_state=None, shuffle=False), n_jobs=-1
2022-05-24 14:52:58,891:INFO:Calculating mean and std
2022-05-24 14:52:58,892:INFO:Creating metrics dataframe
2022-05-24 14:52:58,896:INFO:Uploading results into container
2022-05-24 14:52:58,896:INFO:Uploading model into container now
2022-05-24 14:52:58,897:INFO:create_model_container: 14
2022-05-24 14:52:58,897:INFO:master_model_container: 14
2022-05-24 14:52:58,897:INFO:display_container: 2
2022-05-24 14:52:58,898:INFO:XGBClassifier(base_score=None, booster='gbtree', colsample_bylevel=None,
              colsample_bynode=None, colsample_bytree=None,
              enable_categorical=False, gamma=None, gpu_id=None,
              importance_type=None, interaction_constraints=None,
              learning_rate=None, max_delta_step=None, max_depth=None,
              min_child_weight=None, missing=nan, monotone_constraints=None,
              n_estimators=100, n_jobs=-1, num_parallel_tree=None,
              objective='binary:logistic', predictor=None, random_state=2987,
              reg_alpha=None, reg_lambda=None, scale_pos_weight=None,
              subsample=None, tree_method='auto', use_label_encoder=True,
              validate_parameters=None, verbosity=0)
2022-05-24 14:52:58,898:INFO:create_model() succesfully completed......................................
2022-05-24 14:52:59,058:INFO:SubProcess create_model() end ==================================
2022-05-24 14:52:59,058:INFO:Creating metrics dataframe
2022-05-24 14:52:59,077:INFO:Initializing Light Gradient Boosting Machine
2022-05-24 14:52:59,077:INFO:Total runtime is 2.932591501871745 minutes
2022-05-24 14:52:59,084:INFO:SubProcess create_model() called ==================================
2022-05-24 14:52:59,084:INFO:Initializing create_model()
2022-05-24 14:52:59,084:INFO:create_model(estimator=lightgbm, fold=StratifiedKFold(n_splits=3, random_state=None, shuffle=False), round=4, cross_validation=True, predict=True, fit_kwargs={}, groups=None, refit=False, verbose=False, system=False, metrics=None, experiment_custom_tags=None, add_to_model_list=True, probability_threshold=None, display=<pycaret.internal.Display.Display object at 0x0000021239952160>, return_train_score=False, kwargs={})
2022-05-24 14:52:59,084:INFO:Checking exceptions
2022-05-24 14:52:59,085:INFO:Importing libraries
2022-05-24 14:52:59,085:INFO:Copying training dataset
2022-05-24 14:52:59,094:INFO:Defining folds
2022-05-24 14:52:59,094:INFO:Declaring metric variables
2022-05-24 14:52:59,100:INFO:Importing untrained model
2022-05-24 14:52:59,108:INFO:Light Gradient Boosting Machine Imported succesfully
2022-05-24 14:52:59,125:INFO:Starting cross validation
2022-05-24 14:52:59,126:INFO:Cross validating with StratifiedKFold(n_splits=3, random_state=None, shuffle=False), n_jobs=-1
2022-05-24 14:53:00,493:INFO:Calculating mean and std
2022-05-24 14:53:00,494:INFO:Creating metrics dataframe
2022-05-24 14:53:00,498:INFO:Uploading results into container
2022-05-24 14:53:00,498:INFO:Uploading model into container now
2022-05-24 14:53:00,498:INFO:create_model_container: 15
2022-05-24 14:53:00,498:INFO:master_model_container: 15
2022-05-24 14:53:00,499:INFO:display_container: 2
2022-05-24 14:53:00,499:INFO:LGBMClassifier(boosting_type='gbdt', class_weight=None, colsample_bytree=1.0,
               importance_type='split', learning_rate=0.1, max_depth=-1,
               min_child_samples=20, min_child_weight=0.001, min_split_gain=0.0,
               n_estimators=100, n_jobs=-1, num_leaves=31, objective=None,
               random_state=2987, reg_alpha=0.0, reg_lambda=0.0, silent=True,
               subsample=1.0, subsample_for_bin=200000, subsample_freq=0)
2022-05-24 14:53:00,499:INFO:create_model() succesfully completed......................................
2022-05-24 14:53:00,646:WARNING:create_model() for LGBMClassifier(boosting_type='gbdt', class_weight=None, colsample_bytree=1.0,
               importance_type='split', learning_rate=0.1, max_depth=-1,
               min_child_samples=20, min_child_weight=0.001, min_split_gain=0.0,
               n_estimators=100, n_jobs=-1, num_leaves=31, objective=None,
               random_state=2987, reg_alpha=0.0, reg_lambda=0.0, silent=True,
               subsample=1.0, subsample_for_bin=200000, subsample_freq=0) raised an exception or returned all 0.0, trying without fit_kwargs:
2022-05-24 14:53:00,646:WARNING:Traceback (most recent call last):
  File "c:\Users\Mauricio\anaconda3\envs\PycaretEnv\lib\site-packages\pycaret\internal\tabular.py", line 2205, in compare_models
    assert np.sum(model_results.iloc[0]) != 0.0
AssertionError

2022-05-24 14:53:00,646:INFO:Initializing create_model()
2022-05-24 14:53:00,646:INFO:create_model(estimator=lightgbm, fold=StratifiedKFold(n_splits=3, random_state=None, shuffle=False), round=4, cross_validation=True, predict=True, fit_kwargs={}, groups=None, refit=False, verbose=False, system=False, metrics=None, experiment_custom_tags=None, add_to_model_list=True, probability_threshold=None, display=<pycaret.internal.Display.Display object at 0x0000021239952160>, return_train_score=False, kwargs={})
2022-05-24 14:53:00,646:INFO:Checking exceptions
2022-05-24 14:53:00,646:INFO:Importing libraries
2022-05-24 14:53:00,646:INFO:Copying training dataset
2022-05-24 14:53:00,652:INFO:Defining folds
2022-05-24 14:53:00,652:INFO:Declaring metric variables
2022-05-24 14:53:00,658:INFO:Importing untrained model
2022-05-24 14:53:00,665:INFO:Light Gradient Boosting Machine Imported succesfully
2022-05-24 14:53:00,679:INFO:Starting cross validation
2022-05-24 14:53:00,680:INFO:Cross validating with StratifiedKFold(n_splits=3, random_state=None, shuffle=False), n_jobs=-1
2022-05-24 14:53:02,003:INFO:Calculating mean and std
2022-05-24 14:53:02,004:INFO:Creating metrics dataframe
2022-05-24 14:53:02,008:INFO:Uploading results into container
2022-05-24 14:53:02,008:INFO:Uploading model into container now
2022-05-24 14:53:02,008:INFO:create_model_container: 16
2022-05-24 14:53:02,008:INFO:master_model_container: 16
2022-05-24 14:53:02,008:INFO:display_container: 2
2022-05-24 14:53:02,009:INFO:LGBMClassifier(boosting_type='gbdt', class_weight=None, colsample_bytree=1.0,
               importance_type='split', learning_rate=0.1, max_depth=-1,
               min_child_samples=20, min_child_weight=0.001, min_split_gain=0.0,
               n_estimators=100, n_jobs=-1, num_leaves=31, objective=None,
               random_state=2987, reg_alpha=0.0, reg_lambda=0.0, silent=True,
               subsample=1.0, subsample_for_bin=200000, subsample_freq=0)
2022-05-24 14:53:02,009:INFO:create_model() succesfully completed......................................
2022-05-24 14:53:02,166:ERROR:create_model() for LGBMClassifier(boosting_type='gbdt', class_weight=None, colsample_bytree=1.0,
               importance_type='split', learning_rate=0.1, max_depth=-1,
               min_child_samples=20, min_child_weight=0.001, min_split_gain=0.0,
               n_estimators=100, n_jobs=-1, num_leaves=31, objective=None,
               random_state=2987, reg_alpha=0.0, reg_lambda=0.0, silent=True,
               subsample=1.0, subsample_for_bin=200000, subsample_freq=0) raised an exception or returned all 0.0:
2022-05-24 14:53:02,166:ERROR:Traceback (most recent call last):
  File "c:\Users\Mauricio\anaconda3\envs\PycaretEnv\lib\site-packages\pycaret\internal\tabular.py", line 2205, in compare_models
    assert np.sum(model_results.iloc[0]) != 0.0
AssertionError

During handling of the above exception, another exception occurred:

Traceback (most recent call last):
  File "c:\Users\Mauricio\anaconda3\envs\PycaretEnv\lib\site-packages\pycaret\internal\tabular.py", line 2214, in compare_models
    assert np.sum(model_results.iloc[0]) != 0.0
AssertionError

2022-05-24 14:53:02,166:INFO:Initializing CatBoost Classifier
2022-05-24 14:53:02,166:INFO:Total runtime is 2.984087455272675 minutes
2022-05-24 14:53:02,173:INFO:SubProcess create_model() called ==================================
2022-05-24 14:53:02,173:INFO:Initializing create_model()
2022-05-24 14:53:02,173:INFO:create_model(estimator=catboost, fold=StratifiedKFold(n_splits=3, random_state=None, shuffle=False), round=4, cross_validation=True, predict=True, fit_kwargs={}, groups=None, refit=False, verbose=False, system=False, metrics=None, experiment_custom_tags=None, add_to_model_list=True, probability_threshold=None, display=<pycaret.internal.Display.Display object at 0x0000021239952160>, return_train_score=False, kwargs={})
2022-05-24 14:53:02,174:INFO:Checking exceptions
2022-05-24 14:53:02,174:INFO:Importing libraries
2022-05-24 14:53:02,174:INFO:Copying training dataset
2022-05-24 14:53:02,181:INFO:Defining folds
2022-05-24 14:53:02,181:INFO:Declaring metric variables
2022-05-24 14:53:02,187:INFO:Importing untrained model
2022-05-24 14:53:02,193:INFO:CatBoost Classifier Imported succesfully
2022-05-24 14:53:02,208:INFO:Starting cross validation
2022-05-24 14:53:02,217:INFO:Cross validating with StratifiedKFold(n_splits=3, random_state=None, shuffle=False), n_jobs=-1
2022-05-24 14:53:12,579:INFO:Calculating mean and std
2022-05-24 14:53:12,580:INFO:Creating metrics dataframe
2022-05-24 14:53:12,584:INFO:Uploading results into container
2022-05-24 14:53:12,584:INFO:Uploading model into container now
2022-05-24 14:53:12,584:INFO:create_model_container: 17
2022-05-24 14:53:12,584:INFO:master_model_container: 17
2022-05-24 14:53:12,584:INFO:display_container: 2
2022-05-24 14:53:12,584:INFO:<catboost.core.CatBoostClassifier object at 0x0000021246E8F340>
2022-05-24 14:53:12,584:INFO:create_model() succesfully completed......................................
2022-05-24 14:53:12,729:WARNING:create_model() for <catboost.core.CatBoostClassifier object at 0x0000021246E8F340> raised an exception or returned all 0.0, trying without fit_kwargs:
2022-05-24 14:53:12,729:WARNING:Traceback (most recent call last):
  File "c:\Users\Mauricio\anaconda3\envs\PycaretEnv\lib\site-packages\pycaret\internal\tabular.py", line 2205, in compare_models
    assert np.sum(model_results.iloc[0]) != 0.0
AssertionError

2022-05-24 14:53:12,730:INFO:Initializing create_model()
2022-05-24 14:53:12,730:INFO:create_model(estimator=catboost, fold=StratifiedKFold(n_splits=3, random_state=None, shuffle=False), round=4, cross_validation=True, predict=True, fit_kwargs={}, groups=None, refit=False, verbose=False, system=False, metrics=None, experiment_custom_tags=None, add_to_model_list=True, probability_threshold=None, display=<pycaret.internal.Display.Display object at 0x0000021239952160>, return_train_score=False, kwargs={})
2022-05-24 14:53:12,730:INFO:Checking exceptions
2022-05-24 14:53:12,730:INFO:Importing libraries
2022-05-24 14:53:12,730:INFO:Copying training dataset
2022-05-24 14:53:12,736:INFO:Defining folds
2022-05-24 14:53:12,736:INFO:Declaring metric variables
2022-05-24 14:53:12,742:INFO:Importing untrained model
2022-05-24 14:53:12,748:INFO:CatBoost Classifier Imported succesfully
2022-05-24 14:53:12,762:INFO:Starting cross validation
2022-05-24 14:53:12,763:INFO:Cross validating with StratifiedKFold(n_splits=3, random_state=None, shuffle=False), n_jobs=-1
2022-05-24 14:53:26,658:INFO:Calculating mean and std
2022-05-24 14:53:26,659:INFO:Creating metrics dataframe
2022-05-24 14:53:26,663:INFO:Uploading results into container
2022-05-24 14:53:26,663:INFO:Uploading model into container now
2022-05-24 14:53:26,663:INFO:create_model_container: 18
2022-05-24 14:53:26,663:INFO:master_model_container: 18
2022-05-24 14:53:26,663:INFO:display_container: 2
2022-05-24 14:53:26,663:INFO:<catboost.core.CatBoostClassifier object at 0x00000212454A4BE0>
2022-05-24 14:53:26,663:INFO:create_model() succesfully completed......................................
2022-05-24 14:53:26,807:INFO:SubProcess create_model() end ==================================
2022-05-24 14:53:26,807:INFO:Creating metrics dataframe
2022-05-24 14:53:26,825:INFO:Initializing Dummy Classifier
2022-05-24 14:53:26,826:INFO:Total runtime is 3.3950810551643373 minutes
2022-05-24 14:53:26,832:INFO:SubProcess create_model() called ==================================
2022-05-24 14:53:26,833:INFO:Initializing create_model()
2022-05-24 14:53:26,833:INFO:create_model(estimator=dummy, fold=StratifiedKFold(n_splits=3, random_state=None, shuffle=False), round=4, cross_validation=True, predict=True, fit_kwargs={}, groups=None, refit=False, verbose=False, system=False, metrics=None, experiment_custom_tags=None, add_to_model_list=True, probability_threshold=None, display=<pycaret.internal.Display.Display object at 0x0000021239952160>, return_train_score=False, kwargs={})
2022-05-24 14:53:26,833:INFO:Checking exceptions
2022-05-24 14:53:26,833:INFO:Importing libraries
2022-05-24 14:53:26,833:INFO:Copying training dataset
2022-05-24 14:53:26,839:INFO:Defining folds
2022-05-24 14:53:26,839:INFO:Declaring metric variables
2022-05-24 14:53:26,845:INFO:Importing untrained model
2022-05-24 14:53:26,851:INFO:Dummy Classifier Imported succesfully
2022-05-24 14:53:26,867:INFO:Starting cross validation
2022-05-24 14:53:26,868:INFO:Cross validating with StratifiedKFold(n_splits=3, random_state=None, shuffle=False), n_jobs=-1
2022-05-24 14:53:28,148:INFO:Calculating mean and std
2022-05-24 14:53:28,149:INFO:Creating metrics dataframe
2022-05-24 14:53:28,152:INFO:Uploading results into container
2022-05-24 14:53:28,152:INFO:Uploading model into container now
2022-05-24 14:53:28,152:INFO:create_model_container: 19
2022-05-24 14:53:28,152:INFO:master_model_container: 19
2022-05-24 14:53:28,152:INFO:display_container: 2
2022-05-24 14:53:28,153:INFO:DummyClassifier(constant=None, random_state=2987, strategy='prior')
2022-05-24 14:53:28,153:INFO:create_model() succesfully completed......................................
2022-05-24 14:53:28,297:INFO:SubProcess create_model() end ==================================
2022-05-24 14:53:28,298:INFO:Creating metrics dataframe
2022-05-24 14:53:28,331:INFO:Initializing create_model()
2022-05-24 14:53:28,331:INFO:create_model(estimator=AdaBoostClassifier(algorithm='SAMME.R', base_estimator=None, learning_rate=1.0,
                   n_estimators=50, random_state=2987), fold=StratifiedKFold(n_splits=3, random_state=None, shuffle=False), round=4, cross_validation=False, predict=False, fit_kwargs={}, groups=None, refit=True, verbose=False, system=False, metrics=None, experiment_custom_tags=None, add_to_model_list=True, probability_threshold=None, display=None, return_train_score=False, kwargs={})
2022-05-24 14:53:28,331:INFO:Checking exceptions
2022-05-24 14:53:28,331:INFO:Importing libraries
2022-05-24 14:53:28,331:INFO:Copying training dataset
2022-05-24 14:53:28,339:INFO:Defining folds
2022-05-24 14:53:28,339:INFO:Declaring metric variables
2022-05-24 14:53:28,339:INFO:Importing untrained model
2022-05-24 14:53:28,339:INFO:Declaring custom model
2022-05-24 14:53:28,339:INFO:Ada Boost Classifier Imported succesfully
2022-05-24 14:53:28,340:INFO:Cross validation set to False
2022-05-24 14:53:28,340:INFO:Fitting Model
2022-05-24 14:53:33,522:INFO:AdaBoostClassifier(algorithm='SAMME.R', base_estimator=None, learning_rate=1.0,
                   n_estimators=50, random_state=2987)
2022-05-24 14:53:33,522:INFO:create_models() succesfully completed......................................
2022-05-24 14:53:33,708:INFO:create_model_container: 19
2022-05-24 14:53:33,708:INFO:master_model_container: 19
2022-05-24 14:53:33,708:INFO:display_container: 2
2022-05-24 14:53:33,709:INFO:AdaBoostClassifier(algorithm='SAMME.R', base_estimator=None, learning_rate=1.0,
                   n_estimators=50, random_state=2987)
2022-05-24 14:53:33,709:INFO:compare_models() succesfully completed......................................
2022-07-07 16:57:48,937:INFO:PyCaret Supervised Module
2022-07-07 16:57:48,946:INFO:ML Usecase: classification
2022-07-07 16:57:48,946:INFO:version 2.3.10
2022-07-07 16:57:48,946:INFO:Initializing setup()
2022-07-07 16:57:48,946:INFO:setup(target=target, ml_usecase=classification, available_plots={'parameter': 'Hyperparameters', 'auc': 'AUC', 'confusion_matrix': 'Confusion Matrix', 'threshold': 'Threshold', 'pr': 'Precision Recall', 'error': 'Prediction Error', 'class_report': 'Class Report', 'rfe': 'Feature Selection', 'learning': 'Learning Curve', 'manifold': 'Manifold Learning', 'calibration': 'Calibration Curve', 'vc': 'Validation Curve', 'dimension': 'Dimensions', 'feature': 'Feature Importance', 'feature_all': 'Feature Importance (All)', 'boundary': 'Decision Boundary', 'lift': 'Lift Chart', 'gain': 'Gain Chart', 'tree': 'Decision Tree', 'ks': 'KS Statistic Plot'}, train_size=0.5, test_data=None, preprocess=True, imputation_type=simple, iterative_imputation_iters=5, categorical_features=None, categorical_imputation=constant, categorical_iterative_imputer=lightgbm, ordinal_features=None, high_cardinality_features=None, high_cardinality_method=frequency, numeric_features=None, numeric_imputation=mean, numeric_iterative_imputer=lightgbm, date_features=None, ignore_features=None, normalize=False, normalize_method=zscore, transformation=False, transformation_method=yeo-johnson, handle_unknown_categorical=True, unknown_categorical_method=least_frequent, pca=False, pca_method=linear, pca_components=None, ignore_low_variance=False, combine_rare_levels=False, rare_level_threshold=0.1, bin_numeric_features=None, remove_outliers=False, outliers_threshold=0.05, remove_multicollinearity=False, multicollinearity_threshold=0.9, remove_perfect_collinearity=True, create_clusters=False, cluster_iter=20, polynomial_features=False, polynomial_degree=2, trigonometry_features=False, polynomial_threshold=0.1, group_features=None, group_names=None, feature_selection=False, feature_selection_threshold=0.8, feature_selection_method=classic, feature_interaction=False, feature_ratio=False, interaction_threshold=0.01, fix_imbalance=True, fix_imbalance_method=None, transform_target=False, transform_target_method=box-cox, data_split_shuffle=True, data_split_stratify=False, fold_strategy=stratifiedkfold, fold=10, fold_shuffle=False, fold_groups=None, n_jobs=-1, use_gpu=False, custom_pipeline=None, html=True, session_id=None, log_experiment=False, experiment_name=None, experiment_custom_tags=None, log_plots=False, log_profile=False, log_data=False, silent=True, verbose=True, profile=False, profile_kwargs=None, display=None)
2022-07-07 16:57:48,946:INFO:Checking environment
2022-07-07 16:57:48,946:INFO:python_version: 3.8.0
2022-07-07 16:57:48,946:INFO:python_build: ('default', 'Nov  6 2019 16:00:02')
2022-07-07 16:57:48,946:INFO:machine: AMD64
2022-07-07 16:57:48,946:INFO:platform: Windows-10-10.0.22000-SP0
2022-07-07 16:57:48,946:INFO:Memory: svmem(total=17090899968, available=8249810944, percent=51.7, used=8841089024, free=8249810944)
2022-07-07 16:57:48,946:INFO:Physical Core: 8
2022-07-07 16:57:48,946:INFO:Logical Core: 16
2022-07-07 16:57:48,946:INFO:Checking libraries
2022-07-07 16:57:48,946:INFO:pd==1.4.2
2022-07-07 16:57:48,946:INFO:numpy==1.19.5
2022-07-07 16:57:48,946:INFO:sklearn==0.23.2
2022-07-07 16:57:48,947:INFO:lightgbm==3.3.2
2022-07-07 16:57:48,947:WARNING:catboost not found
2022-07-07 16:57:49,055:INFO:xgboost==1.5.1
2022-07-07 16:57:49,055:INFO:mlflow==1.25.1
2022-07-07 16:57:49,055:INFO:Checking Exceptions
2022-07-07 16:57:49,055:INFO:Declaring global variables
2022-07-07 16:57:49,055:INFO:USI: 32cd
2022-07-07 16:57:49,056:INFO:pycaret_globals: {'fold_shuffle_param', 'transform_target_method_param', 'fold_groups_param', 'X', 'fold_groups_param_full', 'data_before_preprocess', 'transform_target_param', 'dashboard_logger', 'y_test', 'exp_name_log', 'prep_pipe', '_all_models', 'iterative_imputation_iters_param', 'stratify_param', 'X_train', 'target_param', 'gpu_param', 'create_model_container', 'imputation_regressor', 'master_model_container', 'n_jobs_param', '_all_metrics', 'logging_param', 'log_plots_param', 'X_test', 'fix_imbalance_method_param', 'USI', 'y_train', 'pycaret_globals', 'seed', '_all_models_internal', 'html_param', '_internal_pipeline', 'y', 'fix_imbalance_param', 'display_container', 'experiment__', 'fold_param', 'fold_generator', 'imputation_classifier', '_available_plots', '_gpu_n_jobs_param', '_ml_usecase'}
2022-07-07 16:57:49,056:INFO:Preparing display monitor
2022-07-07 16:57:49,056:INFO:Preparing display monitor
2022-07-07 16:57:49,065:INFO:Importing libraries
2022-07-07 16:57:49,065:INFO:Copying data for preprocessing
2022-07-07 16:57:49,072:INFO:Declaring preprocessing parameters
2022-07-07 16:57:49,074:INFO:Creating preprocessing pipeline
2022-07-07 16:57:49,097:INFO:Preprocessing pipeline created successfully
2022-07-07 16:57:49,098:ERROR:(Process Exit): setup has been interupted with user command 'quit'. setup must rerun.
2022-07-07 16:57:49,098:INFO:Creating global containers
2022-07-07 16:57:49,103:INFO:Internal pipeline: Pipeline(memory=None,
         steps=[('fix_imbalance',
                 SMOTE(k_neighbors=5, n_jobs=None, random_state=4056,
                       sampling_strategy='auto'))],
         verbose=False)
2022-07-07 16:57:56,691:WARNING:Couldn't import catboost.CatBoostClassifier
2022-07-07 16:57:56,768:WARNING:Couldn't import catboost.CatBoostClassifier
2022-07-07 16:57:56,769:INFO:Creating grid variables
2022-07-07 16:57:56,788:INFO:create_model_container: 0
2022-07-07 16:57:56,788:INFO:master_model_container: 0
2022-07-07 16:57:56,788:INFO:display_container: 1
2022-07-07 16:57:56,792:INFO:Pipeline(memory=None,
         steps=[('dtypes',
                 DataTypes_Auto_infer(categorical_features=[],
                                      display_types=False, features_todrop=[],
                                      id_columns=[],
                                      ml_usecase='classification',
                                      numerical_features=[], target='target',
                                      time_features=[])),
                ('imputer',
                 Simple_Imputer(categorical_strategy='not_available',
                                fill_value_categorical=None,
                                fill_value_numerical=None,
                                numeric_stra...
                ('scaling', 'passthrough'), ('P_transform', 'passthrough'),
                ('binn', 'passthrough'), ('rem_outliers', 'passthrough'),
                ('cluster_all', 'passthrough'),
                ('dummy', Dummify(target='target')),
                ('fix_perfect', Remove_100(target='target')),
                ('clean_names', Clean_Colum_Names()),
                ('feature_select', 'passthrough'), ('fix_multi', 'passthrough'),
                ('dfs', 'passthrough'), ('pca', 'passthrough')],
         verbose=False)
2022-07-07 16:57:56,792:INFO:setup() succesfully completed......................................
